# JRE version: OpenJDK Runtime Environment Temurin-17.0.5+8 (17.0.5+8) (build 17.0.5+8)
# Java VM: OpenJDK 64-Bit Server VM Temurin-17.0.5+8 (17.0.5+8, mixed mode, emulated-client, tiered, compressed oops, compressed class ptrs, g1 gc, windows-amd64)
GC Precious Log:
 CPUs: 16 total, 16 available
 Memory: 16307M
 Large Page Support: Disabled
 NUMA Support: Disabled
 Compressed Oops: Enabled (Zero based)
 Heap Region Size: 2M
 Heap Min Capacity: 8M
 Heap Initial Capacity: 256M
 Heap Max Capacity: 4078M
 Pre-touch: Disabled
 Parallel Workers: 13
 Concurrent Workers: 3
 Concurrent Refinement Workers: 13
 Periodic GC: Disabled
Heap:
 garbage-first heap   total 262144K, used 89827K [0x0000000701200000, 0x0000000800000000)
  region size 2048K, 5 young (10240K), 5 survivors (10240K)
 Metaspace       used 40230K, committed 40640K, reserved 1089536K
  class space    used 5153K, committed 5312K, reserved 1048576K
GC Heap History (20 events):
Event: 2.004 GC heap after
{Heap after GC invocations=10 (full 0):
 garbage-first heap   total 81920K, used 26478K [0x0000000701200000, 0x0000000800000000)
  region size 2048K, 5 young (10240K), 5 survivors (10240K)
 Metaspace       used 36936K, committed 37312K, reserved 1089536K
  class space    used 4792K, committed 4992K, reserved 1048576K
}
Event: 2.057 GC heap before
{Heap before GC invocations=10 (full 0):
 garbage-first heap   total 81920K, used 57198K [0x0000000701200000, 0x0000000800000000)
  region size 2048K, 20 young (40960K), 5 survivors (10240K)
 Metaspace       used 37979K, committed 38336K, reserved 1089536K
  class space    used 4886K, committed 5056K, reserved 1048576K
}
Event: 2.061 GC heap after
{Heap after GC invocations=11 (full 0):
 garbage-first heap   total 81920K, used 32008K [0x0000000701200000, 0x0000000800000000)
  region size 2048K, 3 young (6144K), 3 survivors (6144K)
 Metaspace       used 37979K, committed 38336K, reserved 1089536K
  class space    used 4886K, committed 5056K, reserved 1048576K
}
Event: 2.089 GC heap before
{Heap before GC invocations=11 (full 0):
 garbage-first heap   total 81920K, used 56584K [0x0000000701200000, 0x0000000800000000)
  region size 2048K, 16 young (32768K), 3 survivors (6144K)
 Metaspace       used 38437K, committed 38848K, reserved 1089536K
  class space    used 4908K, committed 5120K, reserved 1048576K
}
Event: 2.093 GC heap after
{Heap after GC invocations=12 (full 0):
 garbage-first heap   total 110592K, used 40312K [0x0000000701200000, 0x0000000800000000)
  region size 2048K, 2 young (4096K), 2 survivors (4096K)
 Metaspace       used 38437K, committed 38848K, reserved 1089536K
  class space    used 4908K, committed 5120K, reserved 1048576K
}
Event: 2.136 GC heap before
{Heap before GC invocations=12 (full 0):
 garbage-first heap   total 110592K, used 73080K [0x0000000701200000, 0x0000000800000000)
  region size 2048K, 19 young (38912K), 2 survivors (4096K)
 Metaspace       used 38807K, committed 39232K, reserved 1089536K
  class space    used 4947K, committed 5120K, reserved 1048576K
}
Event: 2.139 GC heap after
{Heap after GC invocations=13 (full 0):
 garbage-first heap   total 110592K, used 46957K [0x0000000701200000, 0x0000000800000000)
  region size 2048K, 3 young (6144K), 3 survivors (6144K)
 Metaspace       used 38807K, committed 39232K, reserved 1089536K
  class space    used 4947K, committed 5120K, reserved 1048576K
}
Event: 2.293 GC heap before
{Heap before GC invocations=13 (full 0):
 garbage-first heap   total 110592K, used 75629K [0x0000000701200000, 0x0000000800000000)
  region size 2048K, 18 young (36864K), 3 survivors (6144K)
 Metaspace       used 39584K, committed 40000K, reserved 1089536K
  class space    used 5056K, committed 5248K, reserved 1048576K
}
Event: 2.296 GC heap after
{Heap after GC invocations=14 (full 0):
 garbage-first heap   total 110592K, used 55129K [0x0000000701200000, 0x0000000800000000)
  region size 2048K, 3 young (6144K), 3 survivors (6144K)
 Metaspace       used 39584K, committed 40000K, reserved 1089536K
  class space    used 5056K, committed 5248K, reserved 1048576K
}
Event: 2.371 GC heap before
{Heap before GC invocations=14 (full 0):
 garbage-first heap   total 110592K, used 77657K [0x0000000701200000, 0x0000000800000000)
  region size 2048K, 15 young (30720K), 3 survivors (6144K)
 Metaspace       used 39586K, committed 40000K, reserved 1089536K
  class space    used 5057K, committed 5248K, reserved 1048576K
}
Event: 2.375 GC heap after
{Heap after GC invocations=15 (full 0):
 garbage-first heap   total 110592K, used 65677K [0x0000000701200000, 0x0000000800000000)
  region size 2048K, 2 young (4096K), 2 survivors (4096K)
 Metaspace       used 39586K, committed 40000K, reserved 1089536K
  class space    used 5057K, committed 5248K, reserved 1048576K
}
Event: 2.406 GC heap before
{Heap before GC invocations=15 (full 0):
 garbage-first heap   total 131072K, used 77965K [0x0000000701200000, 0x0000000800000000)
  region size 2048K, 9 young (18432K), 2 survivors (4096K)
 Metaspace       used 39869K, committed 40256K, reserved 1089536K
  class space    used 5099K, committed 5248K, reserved 1048576K
}
Event: 2.418 GC heap after
{Heap after GC invocations=16 (full 0):
 garbage-first heap   total 245760K, used 74046K [0x0000000701200000, 0x0000000800000000)
  region size 2048K, 2 young (4096K), 2 survivors (4096K)
 Metaspace       used 39869K, committed 40256K, reserved 1089536K
  class space    used 5099K, committed 5248K, reserved 1048576K
}
Event: 2.441 GC heap before
{Heap before GC invocations=17 (full 0):
 garbage-first heap   total 245760K, used 147774K [0x0000000701200000, 0x0000000800000000)
  region size 2048K, 39 young (79872K), 2 survivors (4096K)
 Metaspace       used 39881K, committed 40320K, reserved 1089536K
  class space    used 5099K, committed 5248K, reserved 1048576K
}
Event: 2.444 GC heap after
{Heap after GC invocations=18 (full 0):
 garbage-first heap   total 245760K, used 77397K [0x0000000701200000, 0x0000000800000000)
  region size 2048K, 4 young (8192K), 4 survivors (8192K)
 Metaspace       used 39881K, committed 40320K, reserved 1089536K
  class space    used 5099K, committed 5248K, reserved 1048576K
}
Event: 2.468 GC heap before
{Heap before GC invocations=18 (full 0):
 garbage-first heap   total 245760K, used 173653K [0x0000000701200000, 0x0000000800000000)
  region size 2048K, 52 young (106496K), 4 survivors (8192K)
 Metaspace       used 39941K, committed 40384K, reserved 1089536K
  class space    used 5106K, committed 5248K, reserved 1048576K
}
Event: 2.473 GC heap after
{Heap after GC invocations=19 (full 0):
 garbage-first heap   total 245760K, used 81056K [0x0000000701200000, 0x0000000800000000)
  region size 2048K, 6 young (12288K), 6 survivors (12288K)
 Metaspace       used 39941K, committed 40384K, reserved 1089536K
  class space    used 5106K, committed 5248K, reserved 1048576K
}
Event: 2.487 GC heap before
{Heap before GC invocations=19 (full 0):
 garbage-first heap   total 245760K, used 179360K [0x0000000701200000, 0x0000000800000000)
  region size 2048K, 55 young (112640K), 6 survivors (12288K)
 Metaspace       used 40092K, committed 40576K, reserved 1089536K
  class space    used 5129K, committed 5312K, reserved 1048576K
}
Event: 2.493 GC heap after
{Heap after GC invocations=20 (full 0):
 garbage-first heap   total 245760K, used 85365K [0x0000000701200000, 0x0000000800000000)
  region size 2048K, 6 young (12288K), 6 survivors (12288K)
 Metaspace       used 40092K, committed 40576K, reserved 1089536K
  class space    used 5129K, committed 5312K, reserved 1048576K
}
Event: 2.509 GC heap before
{Heap before GC invocations=20 (full 0):
 garbage-first heap   total 245760K, used 185717K [0x0000000701200000, 0x0000000800000000)
  region size 2048K, 56 young (114688K), 6 survivors (12288K)
 Metaspace       used 40230K, committed 40640K, reserved 1089536K
  class space    used 5153K, committed 5312K, reserved 1048576K
}

