# JRE version: OpenJDK Runtime Environment Temurin-17.0.5+8 (17.0.5+8) (build 17.0.5+8)
# Java VM: OpenJDK 64-Bit Server VM Temurin-17.0.5+8 (17.0.5+8, mixed mode, emulated-client, tiered, compressed oops, compressed class ptrs, g1 gc, windows-amd64)
GC Precious Log:
 CPUs: 16 total, 16 available
 Memory: 16307M
 Large Page Support: Disabled
 NUMA Support: Disabled
 Compressed Oops: Enabled (Zero based)
 Heap Region Size: 2M
 Heap Min Capacity: 8M
 Heap Initial Capacity: 256M
 Heap Max Capacity: 4078M
 Pre-touch: Disabled
 Parallel Workers: 13
 Concurrent Workers: 3
 Concurrent Refinement Workers: 13
 Periodic GC: Disabled
Heap:
 garbage-first heap   total 262144K, used 79948K [0x0000000701200000, 0x0000000800000000)
  region size 2048K, 2 young (4096K), 2 survivors (4096K)
 Metaspace       used 42713K, committed 43136K, reserved 1089536K
  class space    used 5486K, committed 5696K, reserved 1048576K
GC Heap History (20 events):
Event: 1.206 GC heap after
{Heap after GC invocations=5 (full 0):
 garbage-first heap   total 55296K, used 13584K [0x0000000701200000, 0x0000000800000000)
  region size 2048K, 4 young (8192K), 4 survivors (8192K)
 Metaspace       used 25569K, committed 25792K, reserved 1073152K
  class space    used 3183K, committed 3328K, reserved 1048576K
}
Event: 1.227 GC heap before
{Heap before GC invocations=5 (full 0):
 garbage-first heap   total 55296K, used 15632K [0x0000000701200000, 0x0000000800000000)
  region size 2048K, 5 young (10240K), 4 survivors (8192K)
 Metaspace       used 25988K, committed 26304K, reserved 1073152K
  class space    used 3250K, committed 3392K, reserved 1048576K
}
Event: 1.232 GC heap after
{Heap after GC invocations=6 (full 0):
 garbage-first heap   total 55296K, used 14271K [0x0000000701200000, 0x0000000800000000)
  region size 2048K, 1 young (2048K), 1 survivors (2048K)
 Metaspace       used 25988K, committed 26304K, reserved 1073152K
  class space    used 3250K, committed 3392K, reserved 1048576K
}
Event: 1.512 GC heap before
{Heap before GC invocations=6 (full 0):
 garbage-first heap   total 55296K, used 32703K [0x0000000701200000, 0x0000000800000000)
  region size 2048K, 11 young (22528K), 1 survivors (2048K)
 Metaspace       used 29109K, committed 29376K, reserved 1081344K
  class space    used 3701K, committed 3840K, reserved 1048576K
}
Event: 1.515 GC heap after
{Heap after GC invocations=7 (full 0):
 garbage-first heap   total 159744K, used 15534K [0x0000000701200000, 0x0000000800000000)
  region size 2048K, 2 young (4096K), 2 survivors (4096K)
 Metaspace       used 29109K, committed 29376K, reserved 1081344K
  class space    used 3701K, committed 3840K, reserved 1048576K
}
Event: 1.924 GC heap before
{Heap before GC invocations=7 (full 0):
 garbage-first heap   total 159744K, used 52398K [0x0000000701200000, 0x0000000800000000)
  region size 2048K, 21 young (43008K), 2 survivors (4096K)
 Metaspace       used 35690K, committed 35968K, reserved 1081344K
  class space    used 4671K, committed 4800K, reserved 1048576K
}
Event: 1.926 GC heap after
{Heap after GC invocations=8 (full 0):
 garbage-first heap   total 159744K, used 18689K [0x0000000701200000, 0x0000000800000000)
  region size 2048K, 3 young (6144K), 3 survivors (6144K)
 Metaspace       used 35690K, committed 35968K, reserved 1081344K
  class space    used 4671K, committed 4800K, reserved 1048576K
}
Event: 2.026 GC heap before
{Heap before GC invocations=9 (full 0):
 garbage-first heap   total 75776K, used 57601K [0x0000000701200000, 0x0000000800000000)
  region size 2048K, 23 young (47104K), 3 survivors (6144K)
 Metaspace       used 36736K, committed 37120K, reserved 1089536K
  class space    used 4784K, committed 4992K, reserved 1048576K
}
Event: 2.030 GC heap after
{Heap after GC invocations=10 (full 0):
 garbage-first heap   total 75776K, used 25559K [0x0000000701200000, 0x0000000800000000)
  region size 2048K, 6 young (12288K), 6 survivors (12288K)
 Metaspace       used 36736K, committed 37120K, reserved 1089536K
  class space    used 4784K, committed 4992K, reserved 1048576K
}
Event: 2.034 GC heap before
{Heap before GC invocations=10 (full 0):
 garbage-first heap   total 75776K, used 27607K [0x0000000701200000, 0x0000000800000000)
  region size 2048K, 7 young (14336K), 6 survivors (12288K)
 Metaspace       used 36737K, committed 37120K, reserved 1089536K
  class space    used 4784K, committed 4992K, reserved 1048576K
}
Event: 2.037 GC heap after
{Heap after GC invocations=11 (full 0):
 garbage-first heap   total 75776K, used 27133K [0x0000000701200000, 0x0000000800000000)
  region size 2048K, 1 young (2048K), 1 survivors (2048K)
 Metaspace       used 36737K, committed 37120K, reserved 1089536K
  class space    used 4784K, committed 4992K, reserved 1048576K
}
Event: 2.078 GC heap before
{Heap before GC invocations=11 (full 0):
 garbage-first heap   total 75776K, used 51709K [0x0000000701200000, 0x0000000800000000)
  region size 2048K, 14 young (28672K), 1 survivors (2048K)
 Metaspace       used 37549K, committed 37888K, reserved 1089536K
  class space    used 4869K, committed 5056K, reserved 1048576K
}
Event: 2.080 GC heap after
{Heap after GC invocations=12 (full 0):
 garbage-first heap   total 155648K, used 30948K [0x0000000701200000, 0x0000000800000000)
  region size 2048K, 2 young (4096K), 2 survivors (4096K)
 Metaspace       used 37549K, committed 37888K, reserved 1089536K
  class space    used 4869K, committed 5056K, reserved 1048576K
}
Event: 2.173 GC heap before
{Heap before GC invocations=12 (full 0):
 garbage-first heap   total 155648K, used 102628K [0x0000000701200000, 0x0000000800000000)
  region size 2048K, 38 young (77824K), 2 survivors (4096K)
 Metaspace       used 38883K, committed 39296K, reserved 1089536K
  class space    used 4955K, committed 5120K, reserved 1048576K
}
Event: 2.180 GC heap after
{Heap after GC invocations=13 (full 0):
 garbage-first heap   total 155648K, used 46168K [0x0000000701200000, 0x0000000800000000)
  region size 2048K, 5 young (10240K), 5 survivors (10240K)
 Metaspace       used 38883K, committed 39296K, reserved 1089536K
  class space    used 4955K, committed 5120K, reserved 1048576K
}
Event: 2.592 GC heap before
{Heap before GC invocations=13 (full 0):
 garbage-first heap   total 155648K, used 99416K [0x0000000701200000, 0x0000000800000000)
  region size 2048K, 32 young (65536K), 5 survivors (10240K)
 Metaspace       used 41446K, committed 41920K, reserved 1089536K
  class space    used 5315K, committed 5504K, reserved 1048576K
}
Event: 2.598 GC heap after
{Heap after GC invocations=14 (full 0):
 garbage-first heap   total 155648K, used 62167K [0x0000000701200000, 0x0000000800000000)
  region size 2048K, 4 young (8192K), 4 survivors (8192K)
 Metaspace       used 41446K, committed 41920K, reserved 1089536K
  class space    used 5315K, committed 5504K, reserved 1048576K
}
Event: 2.651 GC heap before
{Heap before GC invocations=14 (full 0):
 garbage-first heap   total 155648K, used 105175K [0x0000000701200000, 0x0000000800000000)
  region size 2048K, 26 young (53248K), 4 survivors (8192K)
 Metaspace       used 42697K, committed 43136K, reserved 1089536K
  class space    used 5485K, committed 5696K, reserved 1048576K
}
Event: 2.664 GC heap after
{Heap after GC invocations=15 (full 0):
 garbage-first heap   total 155648K, used 76999K [0x0000000701200000, 0x0000000800000000)
  region size 2048K, 4 young (8192K), 4 survivors (8192K)
 Metaspace       used 42697K, committed 43136K, reserved 1089536K
  class space    used 5485K, committed 5696K, reserved 1048576K
}
Event: 2.671 GC heap before
{Heap before GC invocations=15 (full 0):
 garbage-first heap   total 155648K, used 109767K [0x0000000701200000, 0x0000000800000000)
  region size 2048K, 21 young (43008K), 4 survivors (8192K)
 Metaspace       used 42713K, committed 43136K, reserved 1089536K
  class space    used 5486K, committed 5696K, reserved 1048576K
}

