# JRE version: OpenJDK Runtime Environment Temurin-17.0.5+8 (17.0.5+8) (build 17.0.5+8)
# Java VM: OpenJDK 64-Bit Server VM Temurin-17.0.5+8 (17.0.5+8, mixed mode, emulated-client, tiered, compressed oops, compressed class ptrs, g1 gc, windows-amd64)
GC Precious Log:
 CPUs: 16 total, 16 available
 Memory: 16307M
 Large Page Support: Disabled
 NUMA Support: Disabled
 Compressed Oops: Enabled (Zero based)
 Heap Region Size: 2M
 Heap Min Capacity: 8M
 Heap Initial Capacity: 256M
 Heap Max Capacity: 4078M
 Pre-touch: Disabled
 Parallel Workers: 13
 Concurrent Workers: 3
 Concurrent Refinement Workers: 13
 Periodic GC: Disabled
Heap:
 garbage-first heap   total 143360K, used 41893K [0x0000000701200000, 0x0000000800000000)
  region size 2048K, 1 young (2048K), 0 survivors (0K)
 Metaspace       used 69837K, committed 70656K, reserved 1114112K
  class space    used 9511K, committed 9856K, reserved 1048576K
GC Heap History (20 events):
Event: 2943.946 GC heap before
{Heap before GC invocations=314 (full 281):
 garbage-first heap   total 143360K, used 41892K [0x0000000701200000, 0x0000000800000000)
  region size 2048K, 1 young (2048K), 0 survivors (0K)
 Metaspace       used 69837K, committed 70656K, reserved 1114112K
  class space    used 9511K, committed 9856K, reserved 1048576K
}
Event: 2943.977 GC heap after
{Heap after GC invocations=315 (full 282):
 garbage-first heap   total 143360K, used 41892K [0x0000000701200000, 0x0000000800000000)
  region size 2048K, 0 young (0K), 0 survivors (0K)
 Metaspace       used 69837K, committed 70656K, reserved 1114112K
  class space    used 9511K, committed 9856K, reserved 1048576K
}
Event: 2964.231 GC heap before
{Heap before GC invocations=315 (full 282):
 garbage-first heap   total 143360K, used 41892K [0x0000000701200000, 0x0000000800000000)
  region size 2048K, 1 young (2048K), 0 survivors (0K)
 Metaspace       used 69837K, committed 70656K, reserved 1114112K
  class space    used 9511K, committed 9856K, reserved 1048576K
}
Event: 2964.261 GC heap after
{Heap after GC invocations=316 (full 283):
 garbage-first heap   total 143360K, used 41893K [0x0000000701200000, 0x0000000800000000)
  region size 2048K, 0 young (0K), 0 survivors (0K)
 Metaspace       used 69837K, committed 70656K, reserved 1114112K
  class space    used 9511K, committed 9856K, reserved 1048576K
}
Event: 2974.490 GC heap before
{Heap before GC invocations=316 (full 283):
 garbage-first heap   total 143360K, used 41893K [0x0000000701200000, 0x0000000800000000)
  region size 2048K, 1 young (2048K), 0 survivors (0K)
 Metaspace       used 69837K, committed 70656K, reserved 1114112K
  class space    used 9511K, committed 9856K, reserved 1048576K
}
Event: 2974.519 GC heap after
{Heap after GC invocations=317 (full 284):
 garbage-first heap   total 143360K, used 41893K [0x0000000701200000, 0x0000000800000000)
  region size 2048K, 0 young (0K), 0 survivors (0K)
 Metaspace       used 69837K, committed 70656K, reserved 1114112K
  class space    used 9511K, committed 9856K, reserved 1048576K
}
Event: 2984.762 GC heap before
{Heap before GC invocations=317 (full 284):
 garbage-first heap   total 143360K, used 41893K [0x0000000701200000, 0x0000000800000000)
  region size 2048K, 1 young (2048K), 0 survivors (0K)
 Metaspace       used 69837K, committed 70656K, reserved 1114112K
  class space    used 9511K, committed 9856K, reserved 1048576K
}
Event: 2984.795 GC heap after
{Heap after GC invocations=318 (full 285):
 garbage-first heap   total 143360K, used 41893K [0x0000000701200000, 0x0000000800000000)
  region size 2048K, 0 young (0K), 0 survivors (0K)
 Metaspace       used 69837K, committed 70656K, reserved 1114112K
  class space    used 9511K, committed 9856K, reserved 1048576K
}
Event: 2995.034 GC heap before
{Heap before GC invocations=318 (full 285):
 garbage-first heap   total 143360K, used 41893K [0x0000000701200000, 0x0000000800000000)
  region size 2048K, 1 young (2048K), 0 survivors (0K)
 Metaspace       used 69837K, committed 70656K, reserved 1114112K
  class space    used 9511K, committed 9856K, reserved 1048576K
}
Event: 2995.066 GC heap after
{Heap after GC invocations=319 (full 286):
 garbage-first heap   total 143360K, used 41893K [0x0000000701200000, 0x0000000800000000)
  region size 2048K, 0 young (0K), 0 survivors (0K)
 Metaspace       used 69837K, committed 70656K, reserved 1114112K
  class space    used 9511K, committed 9856K, reserved 1048576K
}
Event: 3005.294 GC heap before
{Heap before GC invocations=319 (full 286):
 garbage-first heap   total 143360K, used 41893K [0x0000000701200000, 0x0000000800000000)
  region size 2048K, 1 young (2048K), 0 survivors (0K)
 Metaspace       used 69837K, committed 70656K, reserved 1114112K
  class space    used 9511K, committed 9856K, reserved 1048576K
}
Event: 3005.325 GC heap after
{Heap after GC invocations=320 (full 287):
 garbage-first heap   total 143360K, used 41893K [0x0000000701200000, 0x0000000800000000)
  region size 2048K, 0 young (0K), 0 survivors (0K)
 Metaspace       used 69837K, committed 70656K, reserved 1114112K
  class space    used 9511K, committed 9856K, reserved 1048576K
}
Event: 3015.541 GC heap before
{Heap before GC invocations=320 (full 287):
 garbage-first heap   total 143360K, used 41893K [0x0000000701200000, 0x0000000800000000)
  region size 2048K, 1 young (2048K), 0 survivors (0K)
 Metaspace       used 69837K, committed 70656K, reserved 1114112K
  class space    used 9511K, committed 9856K, reserved 1048576K
}
Event: 3015.569 GC heap after
{Heap after GC invocations=321 (full 288):
 garbage-first heap   total 143360K, used 41893K [0x0000000701200000, 0x0000000800000000)
  region size 2048K, 0 young (0K), 0 survivors (0K)
 Metaspace       used 69837K, committed 70656K, reserved 1114112K
  class space    used 9511K, committed 9856K, reserved 1048576K
}
Event: 3025.785 GC heap before
{Heap before GC invocations=321 (full 288):
 garbage-first heap   total 143360K, used 41893K [0x0000000701200000, 0x0000000800000000)
  region size 2048K, 1 young (2048K), 0 survivors (0K)
 Metaspace       used 69837K, committed 70656K, reserved 1114112K
  class space    used 9511K, committed 9856K, reserved 1048576K
}
Event: 3025.816 GC heap after
{Heap after GC invocations=322 (full 289):
 garbage-first heap   total 143360K, used 41893K [0x0000000701200000, 0x0000000800000000)
  region size 2048K, 0 young (0K), 0 survivors (0K)
 Metaspace       used 69837K, committed 70656K, reserved 1114112K
  class space    used 9511K, committed 9856K, reserved 1048576K
}
Event: 3036.044 GC heap before
{Heap before GC invocations=322 (full 289):
 garbage-first heap   total 143360K, used 41893K [0x0000000701200000, 0x0000000800000000)
  region size 2048K, 1 young (2048K), 0 survivors (0K)
 Metaspace       used 69837K, committed 70656K, reserved 1114112K
  class space    used 9511K, committed 9856K, reserved 1048576K
}
Event: 3036.071 GC heap after
{Heap after GC invocations=323 (full 290):
 garbage-first heap   total 143360K, used 41893K [0x0000000701200000, 0x0000000800000000)
  region size 2048K, 0 young (0K), 0 survivors (0K)
 Metaspace       used 69837K, committed 70656K, reserved 1114112K
  class space    used 9511K, committed 9856K, reserved 1048576K
}
Event: 3046.296 GC heap before
{Heap before GC invocations=323 (full 290):
 garbage-first heap   total 143360K, used 41893K [0x0000000701200000, 0x0000000800000000)
  region size 2048K, 1 young (2048K), 0 survivors (0K)
 Metaspace       used 69837K, committed 70656K, reserved 1114112K
  class space    used 9511K, committed 9856K, reserved 1048576K
}
Event: 3046.326 GC heap after
{Heap after GC invocations=324 (full 291):
 garbage-first heap   total 143360K, used 41893K [0x0000000701200000, 0x0000000800000000)
  region size 2048K, 0 young (0K), 0 survivors (0K)
 Metaspace       used 69837K, committed 70656K, reserved 1114112K
  class space    used 9511K, committed 9856K, reserved 1048576K
}

