# JRE version: OpenJDK Runtime Environment Temurin-17.0.5+8 (17.0.5+8) (build 17.0.5+8)
# Java VM: OpenJDK 64-Bit Server VM Temurin-17.0.5+8 (17.0.5+8, mixed mode, emulated-client, tiered, compressed oops, compressed class ptrs, g1 gc, windows-amd64)
GC Precious Log:
 CPUs: 16 total, 16 available
 Memory: 16307M
 Large Page Support: Disabled
 NUMA Support: Disabled
 Compressed Oops: Enabled (Zero based)
 Heap Region Size: 2M
 Heap Min Capacity: 8M
 Heap Initial Capacity: 256M
 Heap Max Capacity: 4078M
 Pre-touch: Disabled
 Parallel Workers: 13
 Concurrent Workers: 3
 Concurrent Refinement Workers: 13
 Periodic GC: Disabled
Heap:
 garbage-first heap   total 180224K, used 73656K [0x0000000701200000, 0x0000000800000000)
  region size 2048K, 3 young (6144K), 3 survivors (6144K)
 Metaspace       used 39790K, committed 40192K, reserved 1089536K
  class space    used 5082K, committed 5248K, reserved 1048576K
GC Heap History (20 events):
Event: 1.331 GC heap after
{Heap after GC invocations=5 (full 0):
 garbage-first heap   total 55296K, used 13448K [0x0000000701200000, 0x0000000800000000)
  region size 2048K, 3 young (6144K), 3 survivors (6144K)
 Metaspace       used 25553K, committed 25792K, reserved 1073152K
  class space    used 3180K, committed 3328K, reserved 1048576K
}
Event: 1.354 GC heap before
{Heap before GC invocations=5 (full 0):
 garbage-first heap   total 55296K, used 15496K [0x0000000701200000, 0x0000000800000000)
  region size 2048K, 4 young (8192K), 3 survivors (6144K)
 Metaspace       used 25937K, committed 26240K, reserved 1073152K
  class space    used 3244K, committed 3392K, reserved 1048576K
}
Event: 1.358 GC heap after
{Heap after GC invocations=6 (full 0):
 garbage-first heap   total 55296K, used 14308K [0x0000000701200000, 0x0000000800000000)
  region size 2048K, 1 young (2048K), 1 survivors (2048K)
 Metaspace       used 25937K, committed 26240K, reserved 1073152K
  class space    used 3244K, committed 3392K, reserved 1048576K
}
Event: 1.662 GC heap before
{Heap before GC invocations=6 (full 0):
 garbage-first heap   total 55296K, used 32740K [0x0000000701200000, 0x0000000800000000)
  region size 2048K, 11 young (22528K), 1 survivors (2048K)
 Metaspace       used 29082K, committed 29376K, reserved 1081344K
  class space    used 3697K, committed 3840K, reserved 1048576K
}
Event: 1.665 GC heap after
{Heap after GC invocations=7 (full 0):
 garbage-first heap   total 159744K, used 15419K [0x0000000701200000, 0x0000000800000000)
  region size 2048K, 2 young (4096K), 2 survivors (4096K)
 Metaspace       used 29082K, committed 29376K, reserved 1081344K
  class space    used 3697K, committed 3840K, reserved 1048576K
}
Event: 2.171 GC heap before
{Heap before GC invocations=7 (full 0):
 garbage-first heap   total 159744K, used 52283K [0x0000000701200000, 0x0000000800000000)
  region size 2048K, 21 young (43008K), 2 survivors (4096K)
 Metaspace       used 35763K, committed 36096K, reserved 1081344K
  class space    used 4678K, committed 4800K, reserved 1048576K
}
Event: 2.175 GC heap after
{Heap after GC invocations=8 (full 0):
 garbage-first heap   total 159744K, used 18770K [0x0000000701200000, 0x0000000800000000)
  region size 2048K, 3 young (6144K), 3 survivors (6144K)
 Metaspace       used 35763K, committed 36096K, reserved 1081344K
  class space    used 4678K, committed 4800K, reserved 1048576K
}
Event: 2.291 GC heap before
{Heap before GC invocations=9 (full 0):
 garbage-first heap   total 90112K, used 65874K [0x0000000701200000, 0x0000000800000000)
  region size 2048K, 28 young (57344K), 3 survivors (6144K)
 Metaspace       used 36063K, committed 36480K, reserved 1081344K
  class space    used 4730K, committed 4928K, reserved 1048576K
}
Event: 2.296 GC heap after
{Heap after GC invocations=10 (full 0):
 garbage-first heap   total 90112K, used 28007K [0x0000000701200000, 0x0000000800000000)
  region size 2048K, 6 young (12288K), 6 survivors (12288K)
 Metaspace       used 36063K, committed 36480K, reserved 1081344K
  class space    used 4730K, committed 4928K, reserved 1048576K
}
Event: 2.302 GC heap before
{Heap before GC invocations=10 (full 0):
 garbage-first heap   total 90112K, used 30055K [0x0000000701200000, 0x0000000800000000)
  region size 2048K, 7 young (14336K), 6 survivors (12288K)
 Metaspace       used 36081K, committed 36480K, reserved 1081344K
  class space    used 4736K, committed 4928K, reserved 1048576K
}
Event: 2.305 GC heap after
{Heap after GC invocations=11 (full 0):
 garbage-first heap   total 90112K, used 30181K [0x0000000701200000, 0x0000000800000000)
  region size 2048K, 1 young (2048K), 1 survivors (2048K)
 Metaspace       used 36081K, committed 36480K, reserved 1081344K
  class space    used 4736K, committed 4928K, reserved 1048576K
}
Event: 2.350 GC heap before
{Heap before GC invocations=11 (full 0):
 garbage-first heap   total 90112K, used 62949K [0x0000000701200000, 0x0000000800000000)
  region size 2048K, 17 young (34816K), 1 survivors (2048K)
 Metaspace       used 36517K, committed 36928K, reserved 1089536K
  class space    used 4783K, committed 4992K, reserved 1048576K
}
Event: 2.353 GC heap after
{Heap after GC invocations=12 (full 0):
 garbage-first heap   total 180224K, used 36359K [0x0000000701200000, 0x0000000800000000)
  region size 2048K, 3 young (6144K), 3 survivors (6144K)
 Metaspace       used 36517K, committed 36928K, reserved 1089536K
  class space    used 4783K, committed 4992K, reserved 1048576K
}
Event: 2.604 GC heap before
{Heap before GC invocations=12 (full 0):
 garbage-first heap   total 180224K, used 114183K [0x0000000701200000, 0x0000000800000000)
  region size 2048K, 42 young (86016K), 3 survivors (6144K)
 Metaspace       used 39446K, committed 39808K, reserved 1089536K
  class space    used 5037K, committed 5184K, reserved 1048576K
}
Event: 2.612 GC heap after
{Heap after GC invocations=13 (full 0):
 garbage-first heap   total 180224K, used 50903K [0x0000000701200000, 0x0000000800000000)
  region size 2048K, 6 young (12288K), 6 survivors (12288K)
 Metaspace       used 39446K, committed 39808K, reserved 1089536K
  class space    used 5037K, committed 5184K, reserved 1048576K
}
Event: 2.711 GC heap before
{Heap before GC invocations=13 (full 0):
 garbage-first heap   total 180224K, used 118487K [0x0000000701200000, 0x0000000800000000)
  region size 2048K, 40 young (81920K), 6 survivors (12288K)
 Metaspace       used 39693K, committed 40064K, reserved 1089536K
  class space    used 5069K, committed 5248K, reserved 1048576K
}
Event: 2.726 GC heap after
{Heap after GC invocations=14 (full 0):
 garbage-first heap   total 180224K, used 67122K [0x0000000701200000, 0x0000000800000000)
  region size 2048K, 5 young (10240K), 5 survivors (10240K)
 Metaspace       used 39693K, committed 40064K, reserved 1089536K
  class space    used 5069K, committed 5248K, reserved 1048576K
}
Event: 2.735 GC heap before
{Heap before GC invocations=14 (full 0):
 garbage-first heap   total 180224K, used 122418K [0x0000000701200000, 0x0000000800000000)
  region size 2048K, 33 young (67584K), 5 survivors (10240K)
 Metaspace       used 39790K, committed 40192K, reserved 1089536K
  class space    used 5082K, committed 5248K, reserved 1048576K
}
Event: 2.739 GC heap after
{Heap after GC invocations=15 (full 0):
 garbage-first heap   total 180224K, used 71678K [0x0000000701200000, 0x0000000800000000)
  region size 2048K, 2 young (4096K), 2 survivors (4096K)
 Metaspace       used 39790K, committed 40192K, reserved 1089536K
  class space    used 5082K, committed 5248K, reserved 1048576K
}
Event: 2.747 GC heap before
{Heap before GC invocations=15 (full 0):
 garbage-first heap   total 180224K, used 129022K [0x0000000701200000, 0x0000000800000000)
  region size 2048K, 31 young (63488K), 2 survivors (4096K)
 Metaspace       used 39790K, committed 40192K, reserved 1089536K
  class space    used 5082K, committed 5248K, reserved 1048576K
}

