# JRE version: OpenJDK Runtime Environment Temurin-17.0.5+8 (17.0.5+8) (build 17.0.5+8)
# Java VM: OpenJDK 64-Bit Server VM Temurin-17.0.5+8 (17.0.5+8, mixed mode, emulated-client, tiered, compressed oops, compressed class ptrs, g1 gc, windows-amd64)
GC Precious Log:
 CPUs: 16 total, 16 available
 Memory: 16307M
 Large Page Support: Disabled
 NUMA Support: Disabled
 Compressed Oops: Enabled (Zero based)
 Heap Region Size: 2M
 Heap Min Capacity: 8M
 Heap Initial Capacity: 256M
 Heap Max Capacity: 4078M
 Pre-touch: Disabled
 Parallel Workers: 13
 Concurrent Workers: 3
 Concurrent Refinement Workers: 13
 Periodic GC: Disabled
Heap:
 garbage-first heap   total 262144K, used 77955K [0x0000000701200000, 0x0000000800000000)
  region size 2048K, 3 young (6144K), 3 survivors (6144K)
 Metaspace       used 40844K, committed 41280K, reserved 1089536K
  class space    used 5241K, committed 5440K, reserved 1048576K
GC Heap History (20 events):
Event: 1.169 GC heap after
{Heap after GC invocations=5 (full 0):
 garbage-first heap   total 55296K, used 13651K [0x0000000701200000, 0x0000000800000000)
  region size 2048K, 4 young (8192K), 4 survivors (8192K)
 Metaspace       used 25649K, committed 25920K, reserved 1073152K
  class space    used 3192K, committed 3328K, reserved 1048576K
}
Event: 1.193 GC heap before
{Heap before GC invocations=5 (full 0):
 garbage-first heap   total 55296K, used 15699K [0x0000000701200000, 0x0000000800000000)
  region size 2048K, 5 young (10240K), 4 survivors (8192K)
 Metaspace       used 26058K, committed 26368K, reserved 1073152K
  class space    used 3264K, committed 3392K, reserved 1048576K
}
Event: 1.197 GC heap after
{Heap after GC invocations=6 (full 0):
 garbage-first heap   total 55296K, used 14398K [0x0000000701200000, 0x0000000800000000)
  region size 2048K, 1 young (2048K), 1 survivors (2048K)
 Metaspace       used 26058K, committed 26368K, reserved 1073152K
  class space    used 3264K, committed 3392K, reserved 1048576K
}
Event: 1.495 GC heap before
{Heap before GC invocations=6 (full 0):
 garbage-first heap   total 55296K, used 32830K [0x0000000701200000, 0x0000000800000000)
  region size 2048K, 11 young (22528K), 1 survivors (2048K)
 Metaspace       used 29211K, committed 29504K, reserved 1081344K
  class space    used 3710K, committed 3840K, reserved 1048576K
}
Event: 1.498 GC heap after
{Heap after GC invocations=7 (full 0):
 garbage-first heap   total 159744K, used 15662K [0x0000000701200000, 0x0000000800000000)
  region size 2048K, 2 young (4096K), 2 survivors (4096K)
 Metaspace       used 29211K, committed 29504K, reserved 1081344K
  class space    used 3710K, committed 3840K, reserved 1048576K
}
Event: 1.913 GC heap before
{Heap before GC invocations=7 (full 0):
 garbage-first heap   total 159744K, used 52526K [0x0000000701200000, 0x0000000800000000)
  region size 2048K, 21 young (43008K), 2 survivors (4096K)
 Metaspace       used 35770K, committed 36096K, reserved 1081344K
  class space    used 4684K, committed 4864K, reserved 1048576K
}
Event: 1.916 GC heap after
{Heap after GC invocations=8 (full 0):
 garbage-first heap   total 159744K, used 18887K [0x0000000701200000, 0x0000000800000000)
  region size 2048K, 3 young (6144K), 3 survivors (6144K)
 Metaspace       used 35770K, committed 36096K, reserved 1081344K
  class space    used 4684K, committed 4864K, reserved 1048576K
}
Event: 2.022 GC heap before
{Heap before GC invocations=9 (full 0):
 garbage-first heap   total 81920K, used 61895K [0x0000000701200000, 0x0000000800000000)
  region size 2048K, 26 young (53248K), 3 survivors (6144K)
 Metaspace       used 36804K, committed 37184K, reserved 1089536K
  class space    used 4784K, committed 4992K, reserved 1048576K
}
Event: 2.026 GC heap after
{Heap after GC invocations=10 (full 0):
 garbage-first heap   total 81920K, used 26624K [0x0000000701200000, 0x0000000800000000)
  region size 2048K, 6 young (12288K), 6 survivors (12288K)
 Metaspace       used 36804K, committed 37184K, reserved 1089536K
  class space    used 4784K, committed 4992K, reserved 1048576K
}
Event: 2.029 GC heap before
{Heap before GC invocations=10 (full 0):
 garbage-first heap   total 81920K, used 28672K [0x0000000701200000, 0x0000000800000000)
  region size 2048K, 7 young (14336K), 6 survivors (12288K)
 Metaspace       used 36805K, committed 37184K, reserved 1089536K
  class space    used 4785K, committed 4992K, reserved 1048576K
}
Event: 2.032 GC heap after
{Heap after GC invocations=11 (full 0):
 garbage-first heap   total 81920K, used 28467K [0x0000000701200000, 0x0000000800000000)
  region size 2048K, 1 young (2048K), 1 survivors (2048K)
 Metaspace       used 36805K, committed 37184K, reserved 1089536K
  class space    used 4785K, committed 4992K, reserved 1048576K
}
Event: 2.083 GC heap before
{Heap before GC invocations=11 (full 0):
 garbage-first heap   total 81920K, used 57139K [0x0000000701200000, 0x0000000800000000)
  region size 2048K, 16 young (32768K), 1 survivors (2048K)
 Metaspace       used 37815K, committed 38144K, reserved 1089536K
  class space    used 4885K, committed 5056K, reserved 1048576K
}
Event: 2.086 GC heap after
{Heap after GC invocations=12 (full 0):
 garbage-first heap   total 176128K, used 32437K [0x0000000701200000, 0x0000000800000000)
  region size 2048K, 2 young (4096K), 2 survivors (4096K)
 Metaspace       used 37815K, committed 38144K, reserved 1089536K
  class space    used 4885K, committed 5056K, reserved 1048576K
}
Event: 2.211 GC heap before
{Heap before GC invocations=12 (full 0):
 garbage-first heap   total 176128K, used 112309K [0x0000000701200000, 0x0000000800000000)
  region size 2048K, 42 young (86016K), 2 survivors (4096K)
 Metaspace       used 39220K, committed 39616K, reserved 1089536K
  class space    used 5002K, committed 5184K, reserved 1048576K
}
Event: 2.219 GC heap after
{Heap after GC invocations=13 (full 0):
 garbage-first heap   total 176128K, used 49152K [0x0000000701200000, 0x0000000800000000)
  region size 2048K, 6 young (12288K), 6 survivors (12288K)
 Metaspace       used 39220K, committed 39616K, reserved 1089536K
  class space    used 5002K, committed 5184K, reserved 1048576K
}
Event: 2.408 GC heap before
{Heap before GC invocations=13 (full 0):
 garbage-first heap   total 176128K, used 112640K [0x0000000701200000, 0x0000000800000000)
  region size 2048K, 38 young (77824K), 6 survivors (12288K)
 Metaspace       used 40774K, committed 41216K, reserved 1089536K
  class space    used 5234K, committed 5440K, reserved 1048576K
}
Event: 2.424 GC heap after
{Heap after GC invocations=14 (full 0):
 garbage-first heap   total 176128K, used 72545K [0x0000000701200000, 0x0000000800000000)
  region size 2048K, 5 young (10240K), 5 survivors (10240K)
 Metaspace       used 40774K, committed 41216K, reserved 1089536K
  class space    used 5234K, committed 5440K, reserved 1048576K
}
Event: 2.436 GC heap before
{Heap before GC invocations=14 (full 0):
 garbage-first heap   total 176128K, used 121697K [0x0000000701200000, 0x0000000800000000)
  region size 2048K, 30 young (61440K), 5 survivors (10240K)
 Metaspace       used 40788K, committed 41216K, reserved 1089536K
  class space    used 5237K, committed 5440K, reserved 1048576K
}
Event: 2.439 GC heap after
{Heap after GC invocations=15 (full 0):
 garbage-first heap   total 176128K, used 75988K [0x0000000701200000, 0x0000000800000000)
  region size 2048K, 2 young (4096K), 2 survivors (4096K)
 Metaspace       used 40788K, committed 41216K, reserved 1089536K
  class space    used 5237K, committed 5440K, reserved 1048576K
}
Event: 2.447 GC heap before
{Heap before GC invocations=15 (full 0):
 garbage-first heap   total 176128K, used 125140K [0x0000000701200000, 0x0000000800000000)
  region size 2048K, 27 young (55296K), 2 survivors (4096K)
 Metaspace       used 40844K, committed 41280K, reserved 1089536K
  class space    used 5241K, committed 5440K, reserved 1048576K
}

